<?xml version="1.0" encoding="UTF-8"?>
<testng-results ignored="0" total="1" passed="1" failed="0" skipped="0">
  <reporter-output>
  </reporter-output>
  <suite started-at="2023-10-15T23:40:26 EDT" name="Default suite" finished-at="2023-10-15T23:40:26 EDT" duration-ms="81">
    <groups>
    </groups>
    <test started-at="2023-10-15T23:40:26 EDT" name="Default test" finished-at="2023-10-15T23:40:26 EDT" duration-ms="81">
      <class name="moinMaven.HelloTest">
        <test-method signature="git176()[pri:0, instance:moinMaven.HelloTest@1151e434]" started-at="2023-10-15T23:40:26 EDT" name="git176" finished-at="2023-10-15T23:40:26 EDT" duration-ms="7" status="PASS">
          <reporter-output>
          </reporter-output>
        </test-method> <!-- git176 -->
      </class> <!-- moinMaven.HelloTest -->
    </test> <!-- Default test -->
  </suite> <!-- Default suite -->
</testng-results>
